<?xml version="1.0" encoding="UTF-8"?>
<coverage generated="1779461709561" clover="3.2.0">
  <project timestamp="1779461709561" name="All files">
    <metrics statements="66" coveredstatements="51" conditionals="14" coveredconditionals="9" methods="21" coveredmethods="15" elements="101" coveredelements="75" complexity="0" loc="66" ncloc="66" packages="3" files="6" classes="6"/>
    <package name="api">
      <metrics statements="22" coveredstatements="8" conditionals="4" coveredconditionals="1" methods="6" coveredmethods="0"/>
      <file name="axios.ts" path="C:\Users\default.LAPTOP-1G44PVFI\Desktop\EMS\frontend\src\api\axios.ts">
        <metrics statements="7" coveredstatements="3" conditionals="4" coveredconditionals="1" methods="1" coveredmethods="0"/>
        <line num="3" count="1" type="stmt"/>
        <line num="7" count="1" type="stmt"/>
        <line num="8" count="0" type="stmt"/>
        <line num="10" count="0" type="cond" truecount="0" falsecount="2"/>
        <line num="11" count="0" type="stmt"/>
        <line num="14" count="0" type="stmt"/>
        <line num="17" count="1" type="stmt"/>
      </file>
      <file name="employeeApi.ts" path="C:\Users\default.LAPTOP-1G44PVFI\Desktop\EMS\frontend\src\api\employeeApi.ts">
        <metrics statements="12" coveredstatements="4" conditionals="0" coveredconditionals="0" methods="4" coveredmethods="0"/>
        <line num="3" count="1" type="stmt"/>
        <line num="4" count="0" type="stmt"/>
        <line num="5" count="0" type="stmt"/>
        <line num="8" count="1" type="stmt"/>
        <line num="9" count="0" type="stmt"/>
        <line num="10" count="0" type="stmt"/>
        <line num="13" count="1" type="stmt"/>
        <line num="17" count="0" type="stmt"/>
        <line num="18" count="0" type="stmt"/>
        <line num="21" count="1" type="stmt"/>
        <line num="22" count="0" type="stmt"/>
        <line num="23" count="0" type="stmt"/>
      </file>
      <file name="profileApi.ts" path="C:\Users\default.LAPTOP-1G44PVFI\Desktop\EMS\frontend\src\api\profileApi.ts">
        <metrics statements="3" coveredstatements="1" conditionals="0" coveredconditionals="0" methods="1" coveredmethods="0"/>
        <line num="3" count="1" type="stmt"/>
        <line num="4" count="0" type="stmt"/>
        <line num="5" count="0" type="stmt"/>
      </file>
    </package>
    <package name="components">
      <metrics statements="21" coveredstatements="21" conditionals="8" coveredconditionals="6" methods="8" coveredmethods="8"/>
      <file name="EmployeeCard.tsx" path="C:\Users\default.LAPTOP-1G44PVFI\Desktop\EMS\frontend\src\components\EmployeeCard.tsx">
        <metrics statements="12" coveredstatements="12" conditionals="8" coveredconditionals="6" methods="5" coveredmethods="5"/>
        <line num="30" count="17" type="stmt"/>
        <line num="33" count="17" type="stmt"/>
        <line num="36" count="17" type="stmt"/>
        <line num="39" count="1" type="stmt"/>
        <line num="45" count="17" type="stmt"/>
        <line num="46" count="1" type="cond" truecount="1" falsecount="1"/>
        <line num="47" count="1" type="stmt"/>
        <line num="53" count="1" type="stmt"/>
        <line num="56" count="17" type="stmt"/>
        <line num="137" count="1" type="stmt"/>
        <line num="146" count="1" type="cond" truecount="1" falsecount="1"/>
        <line num="147" count="1" type="stmt"/>
      </file>
      <file name="EmployeeForm.tsx" path="C:\Users\default.LAPTOP-1G44PVFI\Desktop\EMS\frontend\src\components\EmployeeForm.tsx">
        <metrics statements="9" coveredstatements="9" conditionals="0" coveredconditionals="0" methods="3" coveredmethods="3"/>
        <line num="8" count="10" type="stmt"/>
        <line num="17" count="10" type="stmt"/>
        <line num="19" count="10" type="stmt"/>
        <line num="22" count="5" type="stmt"/>
        <line num="28" count="10" type="stmt"/>
        <line num="29" count="1" type="stmt"/>
        <line num="31" count="1" type="stmt"/>
        <line num="32" count="1" type="stmt"/>
        <line num="35" count="10" type="stmt"/>
      </file>
    </package>
    <package name="pages">
      <metrics statements="23" coveredstatements="22" conditionals="2" coveredconditionals="2" methods="7" coveredmethods="7"/>
      <file name="EmployeesList.tsx" path="C:\Users\default.LAPTOP-1G44PVFI\Desktop\EMS\frontend\src\pages\EmployeesList.tsx">
        <metrics statements="23" coveredstatements="22" conditionals="2" coveredconditionals="2" methods="7" coveredmethods="7"/>
        <line num="14" count="21" type="stmt"/>
        <line num="16" count="21" type="stmt"/>
        <line num="17" count="21" type="stmt"/>
        <line num="18" count="14" type="stmt"/>
        <line num="19" count="14" type="stmt"/>
        <line num="21" count="13" type="stmt"/>
        <line num="23" count="1" type="stmt"/>
        <line num="27" count="21" type="stmt"/>
        <line num="28" count="11" type="stmt"/>
        <line num="30" count="11" type="stmt"/>
        <line num="36" count="21" type="stmt"/>
        <line num="37" count="1" type="stmt"/>
        <line num="38" count="1" type="stmt"/>
        <line num="40" count="1" type="stmt"/>
        <line num="42" count="0" type="stmt"/>
        <line num="46" count="21" type="stmt"/>
        <line num="50" count="1" type="stmt"/>
        <line num="51" count="1" type="stmt"/>
        <line num="54" count="21" type="stmt"/>
        <line num="55" count="1" type="stmt"/>
        <line num="56" count="1" type="stmt"/>
        <line num="58" count="21" type="stmt"/>
        <line num="83" count="16" type="stmt"/>
      </file>
    </package>
  </project>
</coverage>
