{"C:\\Users\\default.LAPTOP-1G44PVFI\\Desktop\\EMS\\frontend\\src\\api\\axios.ts": {"path":"C:\\Users\\default.LAPTOP-1G44PVFI\\Desktop\\EMS\\frontend\\src\\api\\axios.ts","statementMap":{"0":{"start":{"line":3,"column":12},"end":{"line":5,"column":null}},"1":{"start":{"line":7,"column":0},"end":{"line":15,"column":null}},"2":{"start":{"line":8,"column":16},"end":{"line":8,"column":null}},"3":{"start":{"line":10,"column":2},"end":{"line":12,"column":null}},"4":{"start":{"line":11,"column":4},"end":{"line":11,"column":null}},"5":{"start":{"line":14,"column":2},"end":{"line":14,"column":null}},"6":{"start":{"line":17,"column":19},"end":{"line":17,"column":null}}},"fnMap":{"0":{"name":"(anonymous_0)","decl":{"start":{"line":7,"column":25},"end":{"line":7,"column":30}},"loc":{"start":{"line":7,"column":41},"end":{"line":15,"column":1}},"line":7}},"branchMap":{"0":{"loc":{"start":{"line":4,"column":11},"end":{"line":4,"column":null}},"type":"binary-expr","locations":[{"start":{"line":4,"column":11},"end":{"line":4,"column":43}},{"start":{"line":4,"column":43},"end":{"line":4,"column":null}}],"line":4},"1":{"loc":{"start":{"line":10,"column":2},"end":{"line":12,"column":null}},"type":"if","locations":[{"start":{"line":10,"column":2},"end":{"line":12,"column":null}},{"start":{},"end":{}}],"line":10}},"s":{"0":1,"1":1,"2":0,"3":0,"4":0,"5":0,"6":1},"f":{"0":0},"b":{"0":[1,0],"1":[0,0]},"meta":{"lastBranch":2,"lastFunction":1,"lastStatement":7,"seen":{"s:3:12:5:Infinity":0,"b:4:11:4:43:4:43:4:Infinity":0,"s:7:0:15:Infinity":1,"f:7:25:7:30":0,"s:8:16:8:Infinity":2,"b:10:2:12:Infinity:undefined:undefined:undefined:undefined":1,"s:10:2:12:Infinity":3,"s:11:4:11:Infinity":4,"s:14:2:14:Infinity":5,"s:17:19:17:Infinity":6}}}
,"C:\\Users\\default.LAPTOP-1G44PVFI\\Desktop\\EMS\\frontend\\src\\api\\employeeApi.ts": {"path":"C:\\Users\\default.LAPTOP-1G44PVFI\\Desktop\\EMS\\frontend\\src\\api\\employeeApi.ts","statementMap":{"0":{"start":{"line":3,"column":28},"end":{"line":6,"column":null}},"1":{"start":{"line":4,"column":19},"end":{"line":4,"column":null}},"2":{"start":{"line":5,"column":2},"end":{"line":5,"column":null}},"3":{"start":{"line":8,"column":30},"end":{"line":11,"column":null}},"4":{"start":{"line":9,"column":19},"end":{"line":9,"column":null}},"5":{"start":{"line":10,"column":2},"end":{"line":10,"column":null}},"6":{"start":{"line":13,"column":30},"end":{"line":19,"column":null}},"7":{"start":{"line":17,"column":19},"end":{"line":17,"column":null}},"8":{"start":{"line":18,"column":2},"end":{"line":18,"column":null}},"9":{"start":{"line":21,"column":30},"end":{"line":24,"column":null}},"10":{"start":{"line":22,"column":19},"end":{"line":22,"column":null}},"11":{"start":{"line":23,"column":2},"end":{"line":23,"column":null}}},"fnMap":{"0":{"name":"(anonymous_0)","decl":{"start":{"line":3,"column":28},"end":{"line":3,"column":40}},"loc":{"start":{"line":3,"column":40},"end":{"line":6,"column":null}},"line":3},"1":{"name":"(anonymous_1)","decl":{"start":{"line":8,"column":30},"end":{"line":8,"column":37}},"loc":{"start":{"line":8,"column":55},"end":{"line":11,"column":null}},"line":8},"2":{"name":"(anonymous_2)","decl":{"start":{"line":13,"column":30},"end":{"line":13,"column":null}},"loc":{"start":{"line":16,"column":5},"end":{"line":19,"column":null}},"line":16},"3":{"name":"(anonymous_3)","decl":{"start":{"line":21,"column":30},"end":{"line":21,"column":37}},"loc":{"start":{"line":21,"column":60},"end":{"line":24,"column":null}},"line":21}},"branchMap":{},"s":{"0":1,"1":0,"2":0,"3":1,"4":0,"5":0,"6":1,"7":0,"8":0,"9":1,"10":0,"11":0},"f":{"0":0,"1":0,"2":0,"3":0},"b":{},"meta":{"lastBranch":0,"lastFunction":4,"lastStatement":12,"seen":{"s:3:28:6:Infinity":0,"f:3:28:3:40":0,"s:4:19:4:Infinity":1,"s:5:2:5:Infinity":2,"s:8:30:11:Infinity":3,"f:8:30:8:37":1,"s:9:19:9:Infinity":4,"s:10:2:10:Infinity":5,"s:13:30:19:Infinity":6,"f:13:30:13:Infinity":2,"s:17:19:17:Infinity":7,"s:18:2:18:Infinity":8,"s:21:30:24:Infinity":9,"f:21:30:21:37":3,"s:22:19:22:Infinity":10,"s:23:2:23:Infinity":11}}}
,"C:\\Users\\default.LAPTOP-1G44PVFI\\Desktop\\EMS\\frontend\\src\\api\\profileApi.ts": {"path":"C:\\Users\\default.LAPTOP-1G44PVFI\\Desktop\\EMS\\frontend\\src\\api\\profileApi.ts","statementMap":{"0":{"start":{"line":3,"column":30},"end":{"line":6,"column":null}},"1":{"start":{"line":4,"column":19},"end":{"line":4,"column":null}},"2":{"start":{"line":5,"column":2},"end":{"line":5,"column":null}}},"fnMap":{"0":{"name":"(anonymous_0)","decl":{"start":{"line":3,"column":30},"end":{"line":3,"column":42}},"loc":{"start":{"line":3,"column":42},"end":{"line":6,"column":null}},"line":3}},"branchMap":{},"s":{"0":1,"1":0,"2":0},"f":{"0":0},"b":{},"meta":{"lastBranch":0,"lastFunction":1,"lastStatement":3,"seen":{"s:3:30:6:Infinity":0,"f:3:30:3:42":0,"s:4:19:4:Infinity":1,"s:5:2:5:Infinity":2}}}
,"C:\\Users\\default.LAPTOP-1G44PVFI\\Desktop\\EMS\\frontend\\src\\components\\EmployeeCard.tsx": {"path":"C:\\Users\\default.LAPTOP-1G44PVFI\\Desktop\\EMS\\frontend\\src\\components\\EmployeeCard.tsx","statementMap":{"0":{"start":{"line":30,"column":20},"end":{"line":31,"column":null}},"1":{"start":{"line":33,"column":25},"end":{"line":34,"column":null}},"2":{"start":{"line":36,"column":8},"end":{"line":43,"column":null}},"3":{"start":{"line":39,"column":4},"end":{"line":42,"column":null}},"4":{"start":{"line":45,"column":21},"end":{"line":54,"column":null}},"5":{"start":{"line":46,"column":4},"end":{"line":51,"column":null}},"6":{"start":{"line":47,"column":6},"end":{"line":50,"column":null}},"7":{"start":{"line":53,"column":4},"end":{"line":53,"column":null}},"8":{"start":{"line":56,"column":2},"end":{"line":160,"column":null}},"9":{"start":{"line":137,"column":18},"end":{"line":137,"column":null}},"10":{"start":{"line":146,"column":19},"end":{"line":150,"column":null}},"11":{"start":{"line":147,"column":18},"end":{"line":149,"column":null}}},"fnMap":{"0":{"name":"EmployeeCard","decl":{"start":{"line":23,"column":9},"end":{"line":23,"column":22}},"loc":{"start":{"line":28,"column":22},"end":{"line":162,"column":null}},"line":28},"1":{"name":"(anonymous_1)","decl":{"start":{"line":36,"column":8},"end":{"line":36,"column":null}},"loc":{"start":{"line":38,"column":7},"end":{"line":43,"column":null}},"line":38},"2":{"name":"(anonymous_2)","decl":{"start":{"line":45,"column":21},"end":{"line":45,"column":33}},"loc":{"start":{"line":45,"column":33},"end":{"line":54,"column":null}},"line":45},"3":{"name":"(anonymous_3)","decl":{"start":{"line":136,"column":16},"end":{"line":136,"column":null}},"loc":{"start":{"line":137,"column":18},"end":{"line":137,"column":null}},"line":137},"4":{"name":"(anonymous_4)","decl":{"start":{"line":145,"column":16},"end":{"line":145,"column":30}},"loc":{"start":{"line":145,"column":30},"end":{"line":151,"column":null}},"line":145}},"branchMap":{"0":{"loc":{"start":{"line":46,"column":4},"end":{"line":51,"column":null}},"type":"if","locations":[{"start":{"line":46,"column":4},"end":{"line":51,"column":null}},{"start":{},"end":{}}],"line":46},"1":{"loc":{"start":{"line":59,"column":7},"end":{"line":158,"column":null}},"type":"cond-expr","locations":[{"start":{"line":60,"column":8},"end":{"line":95,"column":null}},{"start":{"line":95,"column":8},"end":{"line":158,"column":null}}],"line":59},"2":{"loc":{"start":{"line":131,"column":11},"end":{"line":156,"column":null}},"type":"binary-expr","locations":[{"start":{"line":131,"column":11},"end":{"line":131,"column":null}},{"start":{"line":132,"column":12},"end":{"line":156,"column":null}}],"line":131},"3":{"loc":{"start":{"line":146,"column":19},"end":{"line":150,"column":null}},"type":"if","locations":[{"start":{"line":146,"column":19},"end":{"line":150,"column":null}},{"start":{},"end":{}}],"line":146}},"s":{"0":17,"1":17,"2":17,"3":1,"4":17,"5":1,"6":1,"7":1,"8":17,"9":1,"10":1,"11":1},"f":{"0":17,"1":1,"2":1,"3":1,"4":1},"b":{"0":[1,0],"1":[2,15],"2":[15,9],"3":[1,0]},"meta":{"lastBranch":4,"lastFunction":5,"lastStatement":12,"seen":{"f:23:9:23:22":0,"s:30:20:31:Infinity":0,"s:33:25:34:Infinity":1,"s:36:8:43:Infinity":2,"f:36:8:36:Infinity":1,"s:39:4:42:Infinity":3,"s:45:21:54:Infinity":4,"f:45:21:45:33":2,"b:46:4:51:Infinity:undefined:undefined:undefined:undefined":0,"s:46:4:51:Infinity":5,"s:47:6:50:Infinity":6,"s:53:4:53:Infinity":7,"s:56:2:160:Infinity":8,"b:60:8:95:Infinity:95:8:158:Infinity":1,"b:131:11:131:Infinity:132:12:156:Infinity":2,"f:136:16:136:Infinity":3,"s:137:18:137:Infinity":9,"f:145:16:145:30":4,"b:146:19:150:Infinity:undefined:undefined:undefined:undefined":3,"s:146:19:150:Infinity":10,"s:147:18:149:Infinity":11}}}
,"C:\\Users\\default.LAPTOP-1G44PVFI\\Desktop\\EMS\\frontend\\src\\components\\EmployeeForm.tsx": {"path":"C:\\Users\\default.LAPTOP-1G44PVFI\\Desktop\\EMS\\frontend\\src\\components\\EmployeeForm.tsx","statementMap":{"0":{"start":{"line":8,"column":26},"end":{"line":15,"column":null}},"1":{"start":{"line":17,"column":19},"end":{"line":17,"column":null}},"2":{"start":{"line":19,"column":8},"end":{"line":26,"column":null}},"3":{"start":{"line":22,"column":4},"end":{"line":25,"column":null}},"4":{"start":{"line":28,"column":8},"end":{"line":33,"column":null}},"5":{"start":{"line":29,"column":4},"end":{"line":29,"column":null}},"6":{"start":{"line":31,"column":4},"end":{"line":31,"column":null}},"7":{"start":{"line":32,"column":4},"end":{"line":32,"column":null}},"8":{"start":{"line":35,"column":2},"end":{"line":97,"column":null}}},"fnMap":{"0":{"name":"EmployeeForm","decl":{"start":{"line":7,"column":9},"end":{"line":7,"column":22}},"loc":{"start":{"line":7,"column":55},"end":{"line":99,"column":null}},"line":7},"1":{"name":"(anonymous_1)","decl":{"start":{"line":19,"column":8},"end":{"line":19,"column":null}},"loc":{"start":{"line":21,"column":7},"end":{"line":26,"column":null}},"line":21},"2":{"name":"(anonymous_2)","decl":{"start":{"line":28,"column":8},"end":{"line":28,"column":24}},"loc":{"start":{"line":28,"column":47},"end":{"line":33,"column":null}},"line":28}},"branchMap":{},"s":{"0":10,"1":10,"2":10,"3":5,"4":10,"5":1,"6":1,"7":1,"8":10},"f":{"0":10,"1":5,"2":1},"b":{},"meta":{"lastBranch":0,"lastFunction":3,"lastStatement":9,"seen":{"f:7:9:7:22":0,"s:8:26:15:Infinity":0,"s:17:19:17:Infinity":1,"s:19:8:26:Infinity":2,"f:19:8:19:Infinity":1,"s:22:4:25:Infinity":3,"s:28:8:33:Infinity":4,"f:28:8:28:24":2,"s:29:4:29:Infinity":5,"s:31:4:31:Infinity":6,"s:32:4:32:Infinity":7,"s:35:2:97:Infinity":8}}}
,"C:\\Users\\default.LAPTOP-1G44PVFI\\Desktop\\EMS\\frontend\\src\\pages\\EmployeesList.tsx": {"path":"C:\\Users\\default.LAPTOP-1G44PVFI\\Desktop\\EMS\\frontend\\src\\pages\\EmployeesList.tsx","statementMap":{"0":{"start":{"line":14,"column":20},"end":{"line":15,"column":null}},"1":{"start":{"line":16,"column":22},"end":{"line":16,"column":null}},"2":{"start":{"line":17,"column":25},"end":{"line":25,"column":null}},"3":{"start":{"line":18,"column":4},"end":{"line":24,"column":null}},"4":{"start":{"line":19,"column":19},"end":{"line":19,"column":null}},"5":{"start":{"line":21,"column":6},"end":{"line":21,"column":null}},"6":{"start":{"line":23,"column":6},"end":{"line":23,"column":null}},"7":{"start":{"line":27,"column":2},"end":{"line":33,"column":null}},"8":{"start":{"line":28,"column":2},"end":{"line":28,"column":null}},"9":{"start":{"line":30,"column":2},"end":{"line":32,"column":null}},"10":{"start":{"line":36,"column":4},"end":{"line":44,"column":null}},"11":{"start":{"line":37,"column":6},"end":{"line":43,"column":null}},"12":{"start":{"line":38,"column":8},"end":{"line":38,"column":null}},"13":{"start":{"line":40,"column":8},"end":{"line":40,"column":null}},"14":{"start":{"line":42,"column":8},"end":{"line":42,"column":null}},"15":{"start":{"line":46,"column":33},"end":{"line":52,"column":null}},"16":{"start":{"line":50,"column":2},"end":{"line":50,"column":null}},"17":{"start":{"line":51,"column":2},"end":{"line":51,"column":null}},"18":{"start":{"line":54,"column":29},"end":{"line":57,"column":null}},"19":{"start":{"line":55,"column":2},"end":{"line":55,"column":null}},"20":{"start":{"line":56,"column":2},"end":{"line":56,"column":null}},"21":{"start":{"line":58,"column":1},"end":{"line":94,"column":null}},"22":{"start":{"line":83,"column":4},"end":{"line":89,"column":null}}},"fnMap":{"0":{"name":"EmployeesList","decl":{"start":{"line":13,"column":9},"end":{"line":13,"column":25}},"loc":{"start":{"line":13,"column":25},"end":{"line":96,"column":null}},"line":13},"1":{"name":"(anonymous_1)","decl":{"start":{"line":17,"column":25},"end":{"line":17,"column":37}},"loc":{"start":{"line":17,"column":37},"end":{"line":25,"column":null}},"line":17},"2":{"name":"(anonymous_2)","decl":{"start":{"line":27,"column":2},"end":{"line":27,"column":18}},"loc":{"start":{"line":27,"column":18},"end":{"line":33,"column":3}},"line":27},"3":{"name":"(anonymous_3)","decl":{"start":{"line":36,"column":4},"end":{"line":36,"column":11}},"loc":{"start":{"line":36,"column":29},"end":{"line":44,"column":null}},"line":36},"4":{"name":"(anonymous_4)","decl":{"start":{"line":46,"column":33},"end":{"line":46,"column":null}},"loc":{"start":{"line":49,"column":5},"end":{"line":52,"column":null}},"line":49},"5":{"name":"(anonymous_5)","decl":{"start":{"line":54,"column":29},"end":{"line":54,"column":36}},"loc":{"start":{"line":54,"column":59},"end":{"line":57,"column":null}},"line":54},"6":{"name":"(anonymous_6)","decl":{"start":{"line":82,"column":13},"end":{"line":82,"column":18}},"loc":{"start":{"line":83,"column":4},"end":{"line":89,"column":null}},"line":83}},"branchMap":{"0":{"loc":{"start":{"line":73,"column":7},"end":{"line":78,"column":null}},"type":"binary-expr","locations":[{"start":{"line":73,"column":7},"end":{"line":73,"column":null}},{"start":{"line":74,"column":8},"end":{"line":78,"column":null}}],"line":73}},"s":{"0":21,"1":21,"2":21,"3":14,"4":14,"5":13,"6":1,"7":21,"8":11,"9":11,"10":21,"11":1,"12":1,"13":1,"14":0,"15":21,"16":1,"17":1,"18":21,"19":1,"20":1,"21":21,"22":16},"f":{"0":21,"1":14,"2":11,"3":1,"4":1,"5":1,"6":16},"b":{"0":[21,5]},"meta":{"lastBranch":1,"lastFunction":7,"lastStatement":23,"seen":{"f:13:9:13:25":0,"s:14:20:15:Infinity":0,"s:16:22:16:Infinity":1,"s:17:25:25:Infinity":2,"f:17:25:17:37":1,"s:18:4:24:Infinity":3,"s:19:19:19:Infinity":4,"s:21:6:21:Infinity":5,"s:23:6:23:Infinity":6,"s:27:2:33:Infinity":7,"f:27:2:27:18":2,"s:28:2:28:Infinity":8,"s:30:2:32:Infinity":9,"s:36:4:44:Infinity":10,"f:36:4:36:11":3,"s:37:6:43:Infinity":11,"s:38:8:38:Infinity":12,"s:40:8:40:Infinity":13,"s:42:8:42:Infinity":14,"s:46:33:52:Infinity":15,"f:46:33:46:Infinity":4,"s:50:2:50:Infinity":16,"s:51:2:51:Infinity":17,"s:54:29:57:Infinity":18,"f:54:29:54:36":5,"s:55:2:55:Infinity":19,"s:56:2:56:Infinity":20,"s:58:1:94:Infinity":21,"b:73:7:73:Infinity:74:8:78:Infinity":0,"f:82:13:82:18":6,"s:83:4:89:Infinity":22}}}
}
